<?xml version="1.0" encoding="UTF-8"?>
<testng-results ignored="0" total="1" passed="1" failed="0" skipped="0">
  <reporter-output>
  </reporter-output>
  <suite started-at="2024-03-12T13:13:05 IST" name="Default suite" finished-at="2024-03-12T13:13:11 IST" duration-ms="6807">
    <groups>
      <group name="cucumber">
        <method signature="AbstractTestNGCucumberTests.runScenario(io.cucumber.testng.PickleWrapper, io.cucumber.testng.FeatureWrapper)[pri:0, instance:sunner.runner@4bb33f74]" name="runScenario" class="io.cucumber.testng.AbstractTestNGCucumberTests"/>
      </group> <!-- cucumber -->
    </groups>
    <test started-at="2024-03-12T13:13:05 IST" name="Default test" finished-at="2024-03-12T13:13:11 IST" duration-ms="6807">
      <class name="sunner.runner">
        <test-method is-config="true" signature="setUpClass()[pri:0, instance:sunner.runner@4bb33f74]" started-at="2024-03-12T13:13:05 IST" name="setUpClass" finished-at="2024-03-12T13:13:05 IST" duration-ms="342" status="PASS">
          <reporter-output>
          </reporter-output>
        </test-method> <!-- setUpClass -->
        <test-method signature="runScenario(io.cucumber.testng.PickleWrapper, io.cucumber.testng.FeatureWrapper)[pri:0, instance:sunner.runner@4bb33f74]" started-at="2024-03-12T13:13:05 IST" name="runScenario" description="Runs Cucumber Scenarios" data-provider="scenarios" finished-at="2024-03-12T13:13:11 IST" duration-ms="6419" status="PASS">
          <params>
            <param index="0">
              <value>
                <![CDATA["validating login page"]]>
              </value>
            </param>
            <param index="1">
              <value>
                <![CDATA["Optional[Login feature]"]]>
              </value>
            </param>
          </params>
          <reporter-output>
          </reporter-output>
        </test-method> <!-- runScenario -->
        <test-method is-config="true" signature="tearDownClass()[pri:0, instance:sunner.runner@4bb33f74]" started-at="2024-03-12T13:13:11 IST" name="tearDownClass" finished-at="2024-03-12T13:13:11 IST" duration-ms="11" status="PASS">
          <reporter-output>
          </reporter-output>
        </test-method> <!-- tearDownClass -->
      </class> <!-- sunner.runner -->
    </test> <!-- Default test -->
  </suite> <!-- Default suite -->
</testng-results>
